<?xml version="1.0" encoding="UTF-8"?>
<!-- Generated by org.testng.reporters.JUnitReportReporter -->
<testsuite skipped="0" hostname="DESKTOP-5KJ6V67" name="BaseTest" tests="1" failures="0" timestamp="2019-08-12T18:13:01 AEST" time="0.005" errors="0">
  <testcase name="SampleTest" time="0.005" classname="BaseTest"/>
</testsuite> <!-- BaseTest -->
